Mon Jul 23 2018 21:48:42 GMT+0800 (CST) : GET /
Mon Jul 23 2018 21:48:42 GMT+0800 (CST) : GET /main.css
Mon Jul 23 2018 21:48:42 GMT+0800 (CST) : GET /main.js
Mon Jul 23 2018 21:48:42 GMT+0800 (CST) : GET /main.js
Mon Jul 23 2018 22:02:17 GMT+0800 (CST) : GET /
Mon Jul 23 2018 22:02:32 GMT+0800 (CST) : GET /
Mon Jul 23 2018 22:02:32 GMT+0800 (CST) : GET /main.css
Mon Jul 23 2018 22:02:32 GMT+0800 (CST) : GET /main.js
Mon Jul 23 2018 22:03:05 GMT+0800 (CST) : GET /
Mon Jul 23 2018 22:03:05 GMT+0800 (CST) : GET /main.css
Mon Jul 23 2018 22:03:05 GMT+0800 (CST) : GET /main.js
Mon Jul 23 2018 22:03:30 GMT+0800 (CST) : GET /
Mon Jul 23 2018 22:03:30 GMT+0800 (CST) : GET /main.css
Mon Jul 23 2018 22:03:30 GMT+0800 (CST) : GET /main.js
Mon Jul 23 2018 23:37:27 GMT+0800 (CST) : GET /
Mon Jul 23 2018 23:37:27 GMT+0800 (CST) : GET /main.css
Mon Jul 23 2018 23:37:27 GMT+0800 (CST) : GET /main.js
Mon Jul 23 2018 23:37:27 GMT+0800 (CST) : GET /robots.txt
Mon Jul 23 2018 23:37:44 GMT+0800 (CST) : GET /
Mon Jul 23 2018 23:37:44 GMT+0800 (CST) : GET /main.css
Mon Jul 23 2018 23:37:44 GMT+0800 (CST) : GET /main.js
Mon Jul 23 2018 23:53:35 GMT+0800 (CST) : GET /
Mon Jul 23 2018 23:53:35 GMT+0800 (CST) : GET /main.css
Mon Jul 23 2018 23:53:35 GMT+0800 (CST) : GET /main.js
Mon Jul 23 2018 23:53:35 GMT+0800 (CST) : GET /main.js
Mon Jul 23 2018 23:53:43 GMT+0800 (CST) : GET /project
Mon Jul 23 2018 23:54:11 GMT+0800 (CST) : GET /project
Mon Jul 23 2018 23:55:37 GMT+0800 (CST) : GET /
Mon Jul 23 2018 23:55:37 GMT+0800 (CST) : GET /main.css
Mon Jul 23 2018 23:55:37 GMT+0800 (CST) : GET /main.js
Mon Jul 23 2018 23:55:40 GMT+0800 (CST) : GET /project
Mon Jul 23 2018 23:56:22 GMT+0800 (CST) : GET /project
Mon Jul 23 2018 23:56:22 GMT+0800 (CST) : GET /main.css
Mon Jul 23 2018 23:56:22 GMT+0800 (CST) : GET /main.js
Mon Jul 23 2018 23:56:23 GMT+0800 (CST) : GET /main.js
Mon Jul 23 2018 23:57:13 GMT+0800 (CST) : GET /project
Mon Jul 23 2018 23:57:13 GMT+0800 (CST) : GET /main.css
Mon Jul 23 2018 23:57:13 GMT+0800 (CST) : GET /main.js
Tue Jul 24 2018 00:02:25 GMT+0800 (CST) : GET /
Tue Jul 24 2018 00:02:25 GMT+0800 (CST) : GET /robots.txt
Tue Jul 24 2018 00:02:26 GMT+0800 (CST) : GET /main.css
Tue Jul 24 2018 00:02:26 GMT+0800 (CST) : GET /main.js
